2025-06-07 10:18:00,394 - INFO - 📊 Training strategy:
2025-06-07 10:18:00,395 - INFO -    - Max training steps per epoch: 102
2025-06-07 10:18:00,395 - INFO -    - Max validation steps: 12
2025-06-07 10:18:00,395 - INFO -    - Total epochs: 2
2025-06-07 10:18:00,395 - INFO -    - Training coverage: 100.0%
2025-06-07 10:18:00,395 - INFO -    - Validation coverage: 100.0%
2025-06-07 10:18:00,642 - ERROR - Training step 1 failed: 'numpy.bool_' object is not iterable
2025-06-07 10:18:00,820 - ERROR - Training step 2 failed: 'numpy.bool_' object is not iterable
2025-06-07 10:18:01,040 - ERROR - Training step 3 failed: 'numpy.bool_' object is not iterable
2025-06-07 10:18:01,232 - ERROR - Training step 4 failed: 'numpy.bool_' object is not iterable
2025-06-07 10:18:01,423 - ERROR - Training step 5 failed: 'numpy.bool_' object is not iterable
2025-06-07 10:18:01,654 - ERROR - Training step 6 failed: 'numpy.bool_' object is not iterable
2025-06-07 10:18:01,876 - ERROR - Training step 7 failed: 'numpy.bool_' object is not iterable
2025-06-07 10:18:02,108 - ERROR - Training step 8 failed: 'numpy.bool_' object is not iterable
2025-06-07 10:18:02,284 - ERROR - Training step 9 failed: 'numpy.bool_' object is not iterable
2025-06-07 10:18:02,487 - ERROR - Training step 10 failed: 'numpy.bool_' object is not iterable
2025-06-07 10:18:02,611 - ERROR - Training step 11 failed: 'numpy.bool_' object is not iterable
2025-06-07 10:18:02,815 - ERROR - Training step 12 failed: 'numpy.bool_' object is not iterable
2025-06-07 10:18:03,018 - ERROR - Training step 13 failed: 'numpy.bool_' object is not iterable
2025-06-07 10:18:03,234 - ERROR - Training step 14 failed: 'numpy.bool_' object is not iterable
2025-06-07 10:18:03,424 - ERROR - Training step 15 failed: 'numpy.bool_' object is not iterable
2025-06-07 10:18:03,560 - ERROR - Training step 16 failed: 'numpy.bool_' object is not iterable
2025-06-07 10:18:03,749 - ERROR - Training step 17 failed: 'numpy.bool_' object is not iterable
2025-06-07 10:18:03,899 - ERROR - Training step 18 failed: 'numpy.bool_' object is not iterable
2025-06-07 10:18:04,134 - ERROR - Training step 19 failed: 'numpy.bool_' object is not iterable
2025-06-07 10:18:04,336 - ERROR - Training step 20 failed: 'numpy.bool_' object is not iterable
2025-06-07 10:18:04,563 - ERROR - Training step 21 failed: 'numpy.bool_' object is not iterable
2025-06-07 10:18:04,798 - ERROR - Training step 22 failed: 'numpy.bool_' object is not iterable
2025-06-07 10:18:05,030 - ERROR - Training step 23 failed: 'numpy.bool_' object is not iterable
2025-06-07 10:18:05,259 - ERROR - Training step 24 failed: 'numpy.bool_' object is not iterable
2025-06-07 10:18:05,468 - ERROR - Training step 25 failed: 'numpy.bool_' object is not iterable
2025-06-07 10:18:05,633 - ERROR - Training step 26 failed: 'numpy.bool_' object is not iterable
2025-06-07 10:18:05,803 - ERROR - Training step 27 failed: 'numpy.bool_' object is not iterable
2025-06-07 10:18:06,031 - ERROR - Training step 28 failed: 'numpy.bool_' object is not iterable
2025-06-07 10:18:06,221 - ERROR - Training step 29 failed: 'numpy.bool_' object is not iterable
2025-06-07 10:18:06,416 - ERROR - Training step 30 failed: 'numpy.bool_' object is not iterable
2025-06-07 10:18:06,607 - ERROR - Training step 31 failed: 'numpy.bool_' object is not iterable
2025-06-07 10:18:06,771 - ERROR - Training step 32 failed: 'numpy.bool_' object is not iterable
2025-06-07 10:18:07,007 - ERROR - Training step 33 failed: 'numpy.bool_' object is not iterable
2025-06-07 10:18:07,184 - ERROR - Training step 34 failed: 'numpy.bool_' object is not iterable
2025-06-07 10:18:07,374 - ERROR - Training step 35 failed: 'numpy.bool_' object is not iterable
2025-06-07 10:18:07,606 - ERROR - Training step 36 failed: 'numpy.bool_' object is not iterable
2025-06-07 10:18:07,770 - ERROR - Training step 37 failed: 'numpy.bool_' object is not iterable
2025-06-07 10:18:07,973 - ERROR - Training step 38 failed: 'numpy.bool_' object is not iterable
2025-06-07 10:18:08,203 - ERROR - Training step 39 failed: 'numpy.bool_' object is not iterable
2025-06-07 10:18:08,447 - ERROR - Training step 40 failed: 'numpy.bool_' object is not iterable
2025-06-07 10:18:08,659 - ERROR - Training step 41 failed: 'numpy.bool_' object is not iterable
2025-06-07 10:18:08,822 - ERROR - Training step 42 failed: 'numpy.bool_' object is not iterable
2025-06-07 10:18:09,032 - ERROR - Training step 43 failed: 'numpy.bool_' object is not iterable
2025-06-07 10:18:09,222 - ERROR - Training step 44 failed: 'numpy.bool_' object is not iterable
2025-06-07 10:18:09,400 - ERROR - Training step 45 failed: 'numpy.bool_' object is not iterable
2025-06-07 10:18:09,604 - ERROR - Training step 46 failed: 'numpy.bool_' object is not iterable
2025-06-07 10:18:09,807 - ERROR - Training step 47 failed: 'numpy.bool_' object is not iterable
2025-06-07 10:18:10,049 - ERROR - Training step 48 failed: 'numpy.bool_' object is not iterable
2025-06-07 10:18:10,239 - ERROR - Training step 49 failed: 'numpy.bool_' object is not iterable
2025-06-07 10:18:10,510 - ERROR - Training step 50 failed: 'numpy.bool_' object is not iterable
2025-06-07 10:18:10,675 - ERROR - Training step 51 failed: 'numpy.bool_' object is not iterable
2025-06-07 10:18:10,879 - ERROR - Training step 52 failed: 'numpy.bool_' object is not iterable
2025-06-07 10:18:11,069 - ERROR - Training step 53 failed: 'numpy.bool_' object is not iterable
2025-06-07 10:18:11,299 - ERROR - Training step 54 failed: 'numpy.bool_' object is not iterable
2025-06-07 10:18:11,522 - ERROR - Training step 55 failed: 'numpy.bool_' object is not iterable
2025-06-07 10:18:11,744 - ERROR - Training step 56 failed: 'numpy.bool_' object is not iterable
2025-06-07 10:18:11,924 - ERROR - Training step 57 failed: 'numpy.bool_' object is not iterable
2025-06-07 10:18:12,127 - ERROR - Training step 58 failed: 'numpy.bool_' object is not iterable
2025-06-07 10:18:12,330 - ERROR - Training step 59 failed: 'numpy.bool_' object is not iterable
2025-06-07 10:18:12,528 - ERROR - Training step 60 failed: 'numpy.bool_' object is not iterable
2025-06-07 10:18:12,733 - ERROR - Training step 61 failed: 'numpy.bool_' object is not iterable
2025-06-07 10:18:12,911 - ERROR - Training step 62 failed: 'numpy.bool_' object is not iterable
2025-06-07 10:18:13,102 - ERROR - Training step 63 failed: 'numpy.bool_' object is not iterable
2025-06-07 10:18:13,339 - ERROR - Training step 64 failed: 'numpy.bool_' object is not iterable
2025-06-07 10:18:13,523 - ERROR - Training step 65 failed: 'numpy.bool_' object is not iterable
2025-06-07 10:18:13,674 - ERROR - Training step 66 failed: 'numpy.bool_' object is not iterable
2025-06-07 10:18:13,902 - ERROR - Training step 67 failed: 'numpy.bool_' object is not iterable
2025-06-07 10:18:14,063 - ERROR - Training step 68 failed: 'numpy.bool_' object is not iterable
2025-06-07 10:18:14,264 - ERROR - Training step 69 failed: 'numpy.bool_' object is not iterable
2025-06-07 10:18:14,453 - ERROR - Training step 70 failed: 'numpy.bool_' object is not iterable
2025-06-07 10:18:14,641 - ERROR - Training step 71 failed: 'numpy.bool_' object is not iterable
2025-06-07 10:18:14,869 - ERROR - Training step 72 failed: 'numpy.bool_' object is not iterable
2025-06-07 10:18:15,086 - ERROR - Training step 73 failed: 'numpy.bool_' object is not iterable
2025-06-07 10:18:15,309 - ERROR - Training step 74 failed: 'numpy.bool_' object is not iterable
2025-06-07 10:18:15,509 - ERROR - Training step 75 failed: 'numpy.bool_' object is not iterable
2025-06-07 10:18:15,718 - ERROR - Training step 76 failed: 'numpy.bool_' object is not iterable
2025-06-07 10:18:15,904 - ERROR - Training step 77 failed: 'numpy.bool_' object is not iterable
2025-06-07 10:18:16,052 - ERROR - Training step 78 failed: 'numpy.bool_' object is not iterable
2025-06-07 10:18:16,263 - ERROR - Training step 79 failed: 'numpy.bool_' object is not iterable
2025-06-07 10:18:16,437 - ERROR - Training step 80 failed: 'numpy.bool_' object is not iterable
2025-06-07 10:18:16,622 - ERROR - Training step 81 failed: 'numpy.bool_' object is not iterable
2025-06-07 10:18:16,794 - ERROR - Training step 82 failed: 'numpy.bool_' object is not iterable
2025-06-07 10:18:17,028 - ERROR - Training step 83 failed: 'numpy.bool_' object is not iterable
2025-06-07 10:18:17,174 - ERROR - Training step 84 failed: 'numpy.bool_' object is not iterable
2025-06-07 10:18:17,358 - ERROR - Training step 85 failed: 'numpy.bool_' object is not iterable
2025-06-07 10:18:17,518 - ERROR - Training step 86 failed: 'numpy.bool_' object is not iterable
2025-06-07 10:18:17,703 - ERROR - Training step 87 failed: 'numpy.bool_' object is not iterable
2025-06-07 10:18:17,874 - ERROR - Training step 88 failed: 'numpy.bool_' object is not iterable
2025-06-07 10:18:18,059 - ERROR - Training step 89 failed: 'numpy.bool_' object is not iterable
2025-06-07 10:18:18,227 - ERROR - Training step 90 failed: 'numpy.bool_' object is not iterable
2025-06-07 10:18:18,469 - ERROR - Training step 91 failed: 'numpy.bool_' object is not iterable
2025-06-07 10:18:18,705 - ERROR - Training step 92 failed: 'numpy.bool_' object is not iterable
2025-06-07 10:18:18,903 - ERROR - Training step 93 failed: 'numpy.bool_' object is not iterable
2025-06-07 10:18:19,087 - ERROR - Training step 94 failed: 'numpy.bool_' object is not iterable
2025-06-07 10:18:19,298 - ERROR - Training step 95 failed: 'numpy.bool_' object is not iterable
2025-06-07 10:18:19,535 - ERROR - Training step 96 failed: 'numpy.bool_' object is not iterable
2025-06-07 10:18:19,773 - ERROR - Training step 97 failed: 'numpy.bool_' object is not iterable
2025-06-07 10:18:19,983 - ERROR - Training step 98 failed: 'numpy.bool_' object is not iterable
2025-06-07 10:18:20,154 - ERROR - Training step 99 failed: 'numpy.bool_' object is not iterable
2025-06-07 10:18:20,358 - ERROR - Training step 100 failed: 'numpy.bool_' object is not iterable
2025-06-07 10:18:20,506 - ERROR - Training step 101 failed: 'numpy.bool_' object is not iterable
2025-06-07 10:18:20,705 - ERROR - Training step 102 failed: 'numpy.bool_' object is not iterable
2025-06-07 10:18:33,398 - INFO - Epoch 1 - Training: 0.000000, Validation: 0.700856, Time: 33.00s
2025-06-07 10:18:33,398 - INFO - Validation loss trend: improving
2025-06-07 10:18:33,566 - ERROR - Training step 1 failed: 'numpy.bool_' object is not iterable
2025-06-07 10:18:33,767 - ERROR - Training step 2 failed: 'numpy.bool_' object is not iterable
2025-06-07 10:18:33,989 - ERROR - Training step 3 failed: 'numpy.bool_' object is not iterable
2025-06-07 10:18:34,163 - ERROR - Training step 4 failed: 'numpy.bool_' object is not iterable
2025-06-07 10:18:34,391 - ERROR - Training step 5 failed: 'numpy.bool_' object is not iterable
2025-06-07 10:18:34,612 - ERROR - Training step 6 failed: 'numpy.bool_' object is not iterable
2025-06-07 10:18:34,769 - ERROR - Training step 7 failed: 'numpy.bool_' object is not iterable
2025-06-07 10:18:34,958 - ERROR - Training step 8 failed: 'numpy.bool_' object is not iterable
2025-06-07 10:18:35,132 - ERROR - Training step 9 failed: 'numpy.bool_' object is not iterable
2025-06-07 10:18:35,369 - ERROR - Training step 10 failed: 'numpy.bool_' object is not iterable
2025-06-07 10:18:35,543 - ERROR - Training step 11 failed: 'numpy.bool_' object is not iterable
2025-06-07 10:18:35,782 - ERROR - Training step 12 failed: 'numpy.bool_' object is not iterable
2025-06-07 10:18:36,007 - ERROR - Training step 13 failed: 'numpy.bool_' object is not iterable
2025-06-07 10:18:36,195 - ERROR - Training step 14 failed: 'numpy.bool_' object is not iterable
2025-06-07 10:18:36,395 - ERROR - Training step 15 failed: 'numpy.bool_' object is not iterable
2025-06-07 10:18:36,608 - ERROR - Training step 16 failed: 'numpy.bool_' object is not iterable
2025-06-07 10:18:36,770 - ERROR - Training step 17 failed: 'numpy.bool_' object is not iterable
2025-06-07 10:18:36,944 - ERROR - Training step 18 failed: 'numpy.bool_' object is not iterable
2025-06-07 10:18:37,125 - ERROR - Training step 19 failed: 'numpy.bool_' object is not iterable
2025-06-07 10:18:37,307 - ERROR - Training step 20 failed: 'numpy.bool_' object is not iterable
2025-06-07 10:18:37,508 - ERROR - Training step 21 failed: 'numpy.bool_' object is not iterable
2025-06-07 10:18:37,723 - ERROR - Training step 22 failed: 'numpy.bool_' object is not iterable
2025-06-07 10:18:37,937 - ERROR - Training step 23 failed: 'numpy.bool_' object is not iterable
2025-06-07 10:18:38,126 - ERROR - Training step 24 failed: 'numpy.bool_' object is not iterable
2025-06-07 10:18:38,292 - ERROR - Training step 25 failed: 'numpy.bool_' object is not iterable
2025-06-07 10:18:38,455 - ERROR - Training step 26 failed: 'numpy.bool_' object is not iterable
2025-06-07 10:18:38,651 - ERROR - Training step 27 failed: 'numpy.bool_' object is not iterable
2025-06-07 10:18:38,852 - ERROR - Training step 28 failed: 'numpy.bool_' object is not iterable
2025-06-07 10:18:39,053 - ERROR - Training step 29 failed: 'numpy.bool_' object is not iterable
2025-06-07 10:18:39,215 - ERROR - Training step 30 failed: 'numpy.bool_' object is not iterable
2025-06-07 10:18:39,367 - ERROR - Training step 31 failed: 'numpy.bool_' object is not iterable
2025-06-07 10:18:39,653 - ERROR - Training step 32 failed: 'numpy.bool_' object is not iterable
2025-06-07 10:18:39,780 - ERROR - Training step 33 failed: 'numpy.bool_' object is not iterable
2025-06-07 10:18:39,979 - ERROR - Training step 34 failed: 'numpy.bool_' object is not iterable
2025-06-07 10:18:40,161 - ERROR - Training step 35 failed: 'numpy.bool_' object is not iterable
2025-06-07 10:18:40,401 - ERROR - Training step 36 failed: 'numpy.bool_' object is not iterable
2025-06-07 10:18:40,596 - ERROR - Training step 37 failed: 'numpy.bool_' object is not iterable
2025-06-07 10:18:40,826 - ERROR - Training step 38 failed: 'numpy.bool_' object is not iterable
2025-06-07 10:18:41,020 - ERROR - Training step 39 failed: 'numpy.bool_' object is not iterable
2025-06-07 10:18:41,184 - ERROR - Training step 40 failed: 'numpy.bool_' object is not iterable
2025-06-07 10:18:41,376 - ERROR - Training step 41 failed: 'numpy.bool_' object is not iterable
2025-06-07 10:18:41,553 - ERROR - Training step 42 failed: 'numpy.bool_' object is not iterable
2025-06-07 10:18:41,780 - ERROR - Training step 43 failed: 'numpy.bool_' object is not iterable
2025-06-07 10:18:41,988 - ERROR - Training step 44 failed: 'numpy.bool_' object is not iterable
2025-06-07 10:18:42,252 - ERROR - Training step 45 failed: 'numpy.bool_' object is not iterable
2025-06-07 10:18:42,428 - ERROR - Training step 46 failed: 'numpy.bool_' object is not iterable
2025-06-07 10:18:42,577 - ERROR - Training step 47 failed: 'numpy.bool_' object is not iterable
2025-06-07 10:18:42,796 - ERROR - Training step 48 failed: 'numpy.bool_' object is not iterable
2025-06-07 10:18:42,964 - ERROR - Training step 49 failed: 'numpy.bool_' object is not iterable
2025-06-07 10:18:43,177 - ERROR - Training step 50 failed: 'numpy.bool_' object is not iterable
2025-06-07 10:18:43,357 - ERROR - Training step 51 failed: 'numpy.bool_' object is not iterable
2025-06-07 10:18:43,547 - ERROR - Training step 52 failed: 'numpy.bool_' object is not iterable
2025-06-07 10:18:43,786 - ERROR - Training step 53 failed: 'numpy.bool_' object is not iterable
2025-06-07 10:18:43,967 - ERROR - Training step 54 failed: 'numpy.bool_' object is not iterable
2025-06-07 10:18:44,141 - ERROR - Training step 55 failed: 'numpy.bool_' object is not iterable
2025-06-07 10:18:44,335 - ERROR - Training step 56 failed: 'numpy.bool_' object is not iterable
2025-06-07 10:18:44,525 - ERROR - Training step 57 failed: 'numpy.bool_' object is not iterable
2025-06-07 10:18:44,740 - ERROR - Training step 58 failed: 'numpy.bool_' object is not iterable
2025-06-07 10:18:44,903 - ERROR - Training step 59 failed: 'numpy.bool_' object is not iterable
2025-06-07 10:18:45,064 - ERROR - Training step 60 failed: 'numpy.bool_' object is not iterable
2025-06-07 10:18:45,251 - ERROR - Training step 61 failed: 'numpy.bool_' object is not iterable
2025-06-07 10:18:45,409 - ERROR - Training step 62 failed: 'numpy.bool_' object is not iterable
2025-06-07 10:18:45,598 - ERROR - Training step 63 failed: 'numpy.bool_' object is not iterable
2025-06-07 10:18:45,772 - ERROR - Training step 64 failed: 'numpy.bool_' object is not iterable
2025-06-07 10:18:45,985 - ERROR - Training step 65 failed: 'numpy.bool_' object is not iterable
2025-06-07 10:18:46,217 - ERROR - Training step 66 failed: 'numpy.bool_' object is not iterable
2025-06-07 10:18:46,432 - ERROR - Training step 67 failed: 'numpy.bool_' object is not iterable
2025-06-07 10:18:46,568 - ERROR - Training step 68 failed: 'numpy.bool_' object is not iterable
2025-06-07 10:18:46,808 - ERROR - Training step 69 failed: 'numpy.bool_' object is not iterable
2025-06-07 10:18:47,010 - ERROR - Training step 70 failed: 'numpy.bool_' object is not iterable
2025-06-07 10:18:47,159 - ERROR - Training step 71 failed: 'numpy.bool_' object is not iterable
2025-06-07 10:18:47,348 - ERROR - Training step 72 failed: 'numpy.bool_' object is not iterable
2025-06-07 10:18:47,530 - ERROR - Training step 73 failed: 'numpy.bool_' object is not iterable
2025-06-07 10:18:47,718 - ERROR - Training step 74 failed: 'numpy.bool_' object is not iterable
2025-06-07 10:18:47,911 - ERROR - Training step 75 failed: 'numpy.bool_' object is not iterable
2025-06-07 10:18:48,090 - ERROR - Training step 76 failed: 'numpy.bool_' object is not iterable
2025-06-07 10:18:48,304 - ERROR - Training step 77 failed: 'numpy.bool_' object is not iterable
2025-06-07 10:18:48,496 - ERROR - Training step 78 failed: 'numpy.bool_' object is not iterable
2025-06-07 10:18:48,723 - ERROR - Training step 79 failed: 'numpy.bool_' object is not iterable
2025-06-07 10:18:48,943 - ERROR - Training step 80 failed: 'numpy.bool_' object is not iterable
2025-06-07 10:18:49,132 - ERROR - Training step 81 failed: 'numpy.bool_' object is not iterable
2025-06-07 10:18:49,321 - ERROR - Training step 82 failed: 'numpy.bool_' object is not iterable
2025-06-07 10:18:49,534 - ERROR - Training step 83 failed: 'numpy.bool_' object is not iterable
2025-06-07 10:18:49,727 - ERROR - Training step 84 failed: 'numpy.bool_' object is not iterable
2025-06-07 10:18:49,953 - ERROR - Training step 85 failed: 'numpy.bool_' object is not iterable
2025-06-07 10:18:50,141 - ERROR - Training step 86 failed: 'numpy.bool_' object is not iterable
2025-06-07 10:18:50,355 - ERROR - Training step 87 failed: 'numpy.bool_' object is not iterable
2025-06-07 10:18:50,594 - ERROR - Training step 88 failed: 'numpy.bool_' object is not iterable
2025-06-07 10:18:50,783 - ERROR - Training step 89 failed: 'numpy.bool_' object is not iterable
2025-06-07 10:18:50,983 - ERROR - Training step 90 failed: 'numpy.bool_' object is not iterable
2025-06-07 10:18:51,195 - ERROR - Training step 91 failed: 'numpy.bool_' object is not iterable
2025-06-07 10:18:51,413 - ERROR - Training step 92 failed: 'numpy.bool_' object is not iterable
2025-06-07 10:18:51,677 - ERROR - Training step 93 failed: 'numpy.bool_' object is not iterable
2025-06-07 10:18:51,880 - ERROR - Training step 94 failed: 'numpy.bool_' object is not iterable
2025-06-07 10:18:52,066 - ERROR - Training step 95 failed: 'numpy.bool_' object is not iterable
2025-06-07 10:18:52,252 - ERROR - Training step 96 failed: 'numpy.bool_' object is not iterable
2025-06-07 10:18:52,480 - ERROR - Training step 97 failed: 'numpy.bool_' object is not iterable
2025-06-07 10:18:52,654 - ERROR - Training step 98 failed: 'numpy.bool_' object is not iterable
2025-06-07 10:18:52,829 - ERROR - Training step 99 failed: 'numpy.bool_' object is not iterable
2025-06-07 10:18:53,003 - ERROR - Training step 100 failed: 'numpy.bool_' object is not iterable
2025-06-07 10:18:53,209 - ERROR - Training step 101 failed: 'numpy.bool_' object is not iterable
2025-06-07 10:18:53,384 - ERROR - Training step 102 failed: 'numpy.bool_' object is not iterable
2025-06-07 10:19:04,258 - INFO - Epoch 2 - Training: 0.000000, Validation: 0.700856, Time: 30.86s
2025-06-07 10:19:04,258 - INFO - Validation loss trend: stable/worsening
2025-06-07 10:19:04,258 - INFO - ✅ Enhanced training loop completed successfully!
2025-06-07 10:19:04,258 - INFO - 🔍 Starting model testing phase...
2025-06-07 10:19:16,328 - INFO - 📊 Detailed test results saved to: /home/mooc_parallel_2021_003/new/set-up-jupyterlab-gcp/docker_jupyterlab/jupyter-data/EQTransformer-Indonesia/EQTransformer/core_ind/../../models/indonesia_model_20250607_101800/test_results/validation_predictions_detailed.csv
2025-06-07 10:19:16,328 - INFO - 📊 Test summary saved to: /home/mooc_parallel_2021_003/new/set-up-jupyterlab-gcp/docker_jupyterlab/jupyter-data/EQTransformer-Indonesia/EQTransformer/core_ind/../../models/indonesia_model_20250607_101800/test_results/test_summary.csv
2025-06-07 10:19:16,328 - INFO - 📊 Total test samples: 384
2025-06-07 10:19:16,329 - INFO - 📊 Training history saved to: /home/mooc_parallel_2021_003/new/set-up-jupyterlab-gcp/docker_jupyterlab/jupyter-data/EQTransformer-Indonesia/EQTransformer/core_ind/../../models/indonesia_model_20250607_101800/training_history.csv
2025-06-07 10:19:17,500 - INFO - 📈 Loss curves plot saved to: /home/mooc_parallel_2021_003/new/set-up-jupyterlab-gcp/docker_jupyterlab/jupyter-data/EQTransformer-Indonesia/EQTransformer/core_ind/../../models/indonesia_model_20250607_101800/loss_curves.png
2025-06-07 10:19:17,501 - INFO - 🎉 All training outputs successfully saved!
