2025-06-07 11:47:20,806 - INFO - 📊 Training strategy:
2025-06-07 11:47:20,807 - INFO -    - Max training steps per epoch: 25
2025-06-07 11:47:20,807 - INFO -    - Max validation steps: 6
2025-06-07 11:47:20,807 - INFO -    - Total epochs: 200
2025-06-07 11:47:20,807 - INFO -    - Training coverage: 100.0%
2025-06-07 11:47:20,807 - INFO -    - Validation coverage: 100.0%
2025-06-07 11:48:41,806 - INFO - Epoch 1 - Training: 0.168971, Validation: 0.102473, Time: 81.00s
2025-06-07 11:48:41,807 - INFO - Validation loss trend: improving
2025-06-07 11:49:55,203 - INFO - Epoch 2 - Training: 0.071004, Validation: 0.078757, Time: 73.40s
2025-06-07 11:49:55,203 - INFO - Validation loss trend: improving
2025-06-07 11:51:09,514 - INFO - Epoch 3 - Training: 0.061363, Validation: 0.068066, Time: 74.31s
2025-06-07 11:51:09,514 - INFO - Validation loss trend: improving
2025-06-07 11:52:22,956 - INFO - Epoch 4 - Training: 0.056633, Validation: 0.063475, Time: 73.44s
2025-06-07 11:52:22,956 - INFO - Validation loss trend: improving
2025-06-07 11:53:36,636 - INFO - Epoch 5 - Training: 0.054159, Validation: 0.071079, Time: 73.68s
2025-06-07 11:53:36,636 - INFO - Validation loss trend: stable/worsening
2025-06-07 11:54:50,096 - INFO - Epoch 6 - Training: 0.060327, Validation: 0.063388, Time: 73.46s
2025-06-07 11:54:50,096 - INFO - Validation loss trend: improving
2025-06-07 11:56:04,479 - INFO - Epoch 7 - Training: 0.057644, Validation: 0.056006, Time: 74.38s
2025-06-07 11:56:04,479 - INFO - Validation loss trend: improving
2025-06-07 11:57:18,279 - INFO - Epoch 8 - Training: 0.052767, Validation: 0.047847, Time: 73.80s
2025-06-07 11:57:18,279 - INFO - Validation loss trend: improving
2025-06-07 11:58:31,964 - INFO - Epoch 9 - Training: 0.048751, Validation: 0.046759, Time: 73.69s
2025-06-07 11:58:31,965 - INFO - Validation loss trend: improving
2025-06-07 11:59:45,673 - INFO - Epoch 10 - Training: 0.048308, Validation: 0.045437, Time: 73.71s
2025-06-07 11:59:45,673 - INFO - Validation loss trend: improving
2025-06-07 12:00:59,859 - INFO - Epoch 11 - Training: 0.046978, Validation: 0.041947, Time: 74.19s
2025-06-07 12:00:59,860 - INFO - Validation loss trend: improving
2025-06-07 12:02:13,358 - INFO - Epoch 12 - Training: 0.045162, Validation: 0.045651, Time: 73.50s
2025-06-07 12:02:13,358 - INFO - Validation loss trend: stable/worsening
2025-06-07 12:03:26,753 - INFO - Epoch 13 - Training: 0.046246, Validation: 0.040584, Time: 73.40s
2025-06-07 12:03:26,754 - INFO - Validation loss trend: improving
2025-06-07 12:04:40,820 - INFO - Epoch 14 - Training: 0.044957, Validation: 0.044775, Time: 74.07s
2025-06-07 12:04:40,820 - INFO - Validation loss trend: stable/worsening
2025-06-07 12:05:54,923 - INFO - Epoch 15 - Training: 0.042259, Validation: 0.039719, Time: 74.10s
2025-06-07 12:05:54,923 - INFO - Validation loss trend: improving
2025-06-07 12:07:08,061 - INFO - Epoch 16 - Training: 0.041156, Validation: 0.033752, Time: 73.14s
2025-06-07 12:07:08,061 - INFO - Validation loss trend: improving
2025-06-07 12:08:22,106 - INFO - Epoch 17 - Training: 0.039408, Validation: 0.035357, Time: 74.05s
2025-06-07 12:08:22,106 - INFO - Validation loss trend: stable/worsening
2025-06-07 12:09:35,998 - INFO - Epoch 18 - Training: 0.038021, Validation: 0.033341, Time: 73.89s
2025-06-07 12:09:35,998 - INFO - Validation loss trend: improving
2025-06-07 12:10:49,484 - INFO - Epoch 19 - Training: 0.037195, Validation: 0.031473, Time: 73.49s
2025-06-07 12:10:49,484 - INFO - Validation loss trend: improving
2025-06-07 12:12:03,364 - INFO - Epoch 20 - Training: 0.037246, Validation: 0.032583, Time: 73.88s
2025-06-07 12:12:03,364 - INFO - Validation loss trend: stable/worsening
2025-06-07 12:13:16,744 - INFO - Epoch 21 - Training: 0.037992, Validation: 0.031976, Time: 73.38s
2025-06-07 12:13:16,744 - INFO - Validation loss trend: improving
2025-06-07 12:14:30,424 - INFO - Epoch 22 - Training: 0.037168, Validation: 0.030866, Time: 73.68s
2025-06-07 12:14:30,424 - INFO - Validation loss trend: improving
2025-06-07 12:15:43,584 - INFO - Epoch 23 - Training: 0.039770, Validation: 0.038999, Time: 73.16s
2025-06-07 12:15:43,584 - INFO - Validation loss trend: stable/worsening
2025-06-07 12:16:58,194 - INFO - Epoch 24 - Training: 0.041455, Validation: 0.038839, Time: 74.61s
2025-06-07 12:16:58,194 - INFO - Validation loss trend: improving
2025-06-07 12:18:12,180 - INFO - Epoch 25 - Training: 0.041077, Validation: 0.037625, Time: 73.99s
2025-06-07 12:18:12,180 - INFO - Validation loss trend: improving
2025-06-07 12:19:25,944 - INFO - Epoch 26 - Training: 0.039899, Validation: 0.037801, Time: 73.76s
2025-06-07 12:19:25,944 - INFO - Validation loss trend: stable/worsening
2025-06-07 12:20:39,538 - INFO - Epoch 27 - Training: 0.038693, Validation: 0.033786, Time: 73.59s
2025-06-07 12:20:39,538 - INFO - Validation loss trend: improving
2025-06-07 12:21:52,742 - INFO - Epoch 28 - Training: 0.039583, Validation: 0.033065, Time: 73.20s
2025-06-07 12:21:52,742 - INFO - Validation loss trend: improving
2025-06-07 12:23:05,661 - INFO - Epoch 29 - Training: 0.036695, Validation: 0.031413, Time: 72.92s
2025-06-07 12:23:05,661 - INFO - Validation loss trend: improving
2025-06-07 12:24:18,919 - INFO - Epoch 30 - Training: 0.036096, Validation: 0.030203, Time: 73.26s
2025-06-07 12:24:18,920 - INFO - Validation loss trend: improving
2025-06-07 12:25:31,996 - INFO - Epoch 31 - Training: 0.034972, Validation: 0.029534, Time: 73.08s
2025-06-07 12:25:31,996 - INFO - Validation loss trend: improving
2025-06-07 12:26:44,683 - INFO - Epoch 32 - Training: 0.034962, Validation: 0.030049, Time: 72.69s
2025-06-07 12:26:44,683 - INFO - Validation loss trend: stable/worsening
2025-06-07 12:27:58,605 - INFO - Epoch 33 - Training: 0.035069, Validation: 0.028133, Time: 73.92s
2025-06-07 12:27:58,605 - INFO - Validation loss trend: improving
2025-06-07 12:29:12,587 - INFO - Epoch 34 - Training: 0.035594, Validation: 0.032827, Time: 73.98s
2025-06-07 12:29:12,587 - INFO - Validation loss trend: stable/worsening
2025-06-07 12:30:26,668 - INFO - Epoch 35 - Training: 0.035877, Validation: 0.034715, Time: 74.08s
2025-06-07 12:30:26,668 - INFO - Validation loss trend: stable/worsening
2025-06-07 12:31:40,396 - INFO - Epoch 36 - Training: 0.038243, Validation: 0.030346, Time: 73.73s
2025-06-07 12:31:40,396 - INFO - Validation loss trend: improving
2025-06-07 12:32:54,199 - INFO - Epoch 37 - Training: 0.034091, Validation: 0.028664, Time: 73.80s
2025-06-07 12:32:54,199 - INFO - Validation loss trend: improving
2025-06-07 12:34:08,347 - INFO - Epoch 38 - Training: 0.033547, Validation: 0.026874, Time: 74.15s
2025-06-07 12:34:08,347 - INFO - Validation loss trend: improving
2025-06-07 12:35:22,310 - INFO - Epoch 39 - Training: 0.032918, Validation: 0.030441, Time: 73.96s
2025-06-07 12:35:22,310 - INFO - Validation loss trend: stable/worsening
2025-06-07 12:36:36,443 - INFO - Epoch 40 - Training: 0.034024, Validation: 0.027653, Time: 74.13s
2025-06-07 12:36:36,443 - INFO - Validation loss trend: improving
2025-06-07 12:37:50,078 - INFO - Epoch 41 - Training: 0.032996, Validation: 0.031228, Time: 73.63s
2025-06-07 12:37:50,078 - INFO - Validation loss trend: stable/worsening
2025-06-07 12:39:03,847 - INFO - Epoch 42 - Training: 0.033802, Validation: 0.029259, Time: 73.77s
2025-06-07 12:39:03,847 - INFO - Validation loss trend: improving
2025-06-07 12:40:18,283 - INFO - Epoch 43 - Training: 0.032952, Validation: 0.027986, Time: 74.44s
2025-06-07 12:40:18,283 - INFO - Validation loss trend: improving
2025-06-07 12:41:32,556 - INFO - Epoch 44 - Training: 0.031991, Validation: 0.026942, Time: 74.27s
2025-06-07 12:41:32,556 - INFO - Validation loss trend: improving
2025-06-07 12:42:47,020 - INFO - Epoch 45 - Training: 0.032251, Validation: 0.029322, Time: 74.46s
2025-06-07 12:42:47,020 - INFO - Validation loss trend: stable/worsening
2025-06-07 12:44:01,236 - INFO - Epoch 46 - Training: 0.032114, Validation: 0.025859, Time: 74.22s
2025-06-07 12:44:01,236 - INFO - Validation loss trend: improving
2025-06-07 12:45:15,508 - INFO - Epoch 47 - Training: 0.030740, Validation: 0.026472, Time: 74.27s
2025-06-07 12:45:15,508 - INFO - Validation loss trend: stable/worsening
2025-06-07 12:46:29,760 - INFO - Epoch 48 - Training: 0.030034, Validation: 0.027001, Time: 74.25s
2025-06-07 12:46:29,760 - INFO - Validation loss trend: stable/worsening
2025-06-07 12:47:43,975 - INFO - Epoch 49 - Training: 0.029995, Validation: 0.026658, Time: 74.21s
2025-06-07 12:47:43,976 - INFO - Validation loss trend: improving
2025-06-07 12:48:57,991 - INFO - Epoch 50 - Training: 0.030190, Validation: 0.026924, Time: 74.02s
2025-06-07 12:48:57,991 - INFO - Validation loss trend: stable/worsening
2025-06-07 12:50:11,736 - INFO - Epoch 51 - Training: 0.029210, Validation: 0.025348, Time: 73.74s
2025-06-07 12:50:11,736 - INFO - Validation loss trend: improving
2025-06-07 12:51:25,986 - INFO - Epoch 52 - Training: 0.029697, Validation: 0.026313, Time: 74.25s
2025-06-07 12:51:25,986 - INFO - Validation loss trend: stable/worsening
2025-06-07 12:52:40,320 - INFO - Epoch 53 - Training: 0.033032, Validation: 0.037655, Time: 74.33s
2025-06-07 12:52:40,320 - INFO - Validation loss trend: stable/worsening
2025-06-07 12:53:54,883 - INFO - Epoch 54 - Training: 0.033902, Validation: 0.033922, Time: 74.56s
2025-06-07 12:53:54,883 - INFO - Validation loss trend: improving
2025-06-07 12:55:09,515 - INFO - Epoch 55 - Training: 0.033496, Validation: 0.034337, Time: 74.63s
2025-06-07 12:55:09,515 - INFO - Validation loss trend: stable/worsening
2025-06-07 12:56:23,622 - INFO - Epoch 56 - Training: 0.034599, Validation: 0.032410, Time: 74.11s
2025-06-07 12:56:23,622 - INFO - Validation loss trend: improving
2025-06-07 12:57:38,395 - INFO - Epoch 57 - Training: 0.036476, Validation: 0.030206, Time: 74.77s
2025-06-07 12:57:38,395 - INFO - Validation loss trend: improving
2025-06-07 12:58:52,573 - INFO - Epoch 58 - Training: 0.032610, Validation: 0.027712, Time: 74.18s
2025-06-07 12:58:52,573 - INFO - Validation loss trend: improving
2025-06-07 13:00:06,426 - INFO - Epoch 59 - Training: 0.030455, Validation: 0.025974, Time: 73.85s
2025-06-07 13:00:06,426 - INFO - Validation loss trend: improving
2025-06-07 13:01:21,758 - INFO - Epoch 60 - Training: 0.028466, Validation: 0.025262, Time: 75.33s
2025-06-07 13:01:21,758 - INFO - Validation loss trend: improving
2025-06-07 13:02:35,901 - INFO - Epoch 61 - Training: 0.029085, Validation: 0.028334, Time: 74.14s
2025-06-07 13:02:35,902 - INFO - Validation loss trend: stable/worsening
2025-06-07 13:04:05,169 - INFO - Epoch 62 - Training: 0.030260, Validation: 0.026897, Time: 89.27s
2025-06-07 13:04:05,169 - INFO - Validation loss trend: improving
2025-06-07 13:05:36,950 - INFO - Epoch 63 - Training: 0.028218, Validation: 0.025841, Time: 91.78s
2025-06-07 13:05:36,950 - INFO - Validation loss trend: improving
2025-06-07 13:07:08,341 - INFO - Epoch 64 - Training: 0.028010, Validation: 0.024519, Time: 91.39s
2025-06-07 13:07:08,341 - INFO - Validation loss trend: improving
2025-06-07 13:08:39,986 - INFO - Epoch 65 - Training: 0.026715, Validation: 0.024401, Time: 91.65s
2025-06-07 13:08:39,986 - INFO - Validation loss trend: improving
2025-06-07 13:10:05,503 - INFO - Epoch 66 - Training: 0.026693, Validation: 0.025061, Time: 85.52s
2025-06-07 13:10:05,503 - INFO - Validation loss trend: stable/worsening
2025-06-07 13:11:19,340 - INFO - Epoch 67 - Training: 0.026596, Validation: 0.025137, Time: 73.84s
2025-06-07 13:11:19,340 - INFO - Validation loss trend: stable/worsening
2025-06-07 13:12:32,797 - INFO - Epoch 68 - Training: 0.026139, Validation: 0.025025, Time: 73.46s
2025-06-07 13:12:32,797 - INFO - Validation loss trend: improving
2025-06-07 13:13:46,844 - INFO - Epoch 69 - Training: 0.025469, Validation: 0.023040, Time: 74.05s
2025-06-07 13:13:46,844 - INFO - Validation loss trend: improving
2025-06-07 13:15:01,409 - INFO - Epoch 70 - Training: 0.024785, Validation: 0.022519, Time: 74.56s
2025-06-07 13:15:01,409 - INFO - Validation loss trend: improving
2025-06-07 13:16:15,361 - INFO - Epoch 71 - Training: 0.025731, Validation: 0.023755, Time: 73.95s
2025-06-07 13:16:15,361 - INFO - Validation loss trend: stable/worsening
2025-06-07 13:17:29,056 - INFO - Epoch 72 - Training: 0.025000, Validation: 0.023502, Time: 73.69s
2025-06-07 13:17:29,056 - INFO - Validation loss trend: improving
2025-06-07 13:18:42,507 - INFO - Epoch 73 - Training: 0.023993, Validation: 0.022058, Time: 73.45s
2025-06-07 13:18:42,507 - INFO - Validation loss trend: improving
2025-06-07 13:19:56,541 - INFO - Epoch 74 - Training: 0.024669, Validation: 0.024062, Time: 74.03s
2025-06-07 13:19:56,541 - INFO - Validation loss trend: stable/worsening
2025-06-07 13:21:10,315 - INFO - Epoch 75 - Training: 0.027328, Validation: 0.026236, Time: 73.77s
2025-06-07 13:21:10,315 - INFO - Validation loss trend: stable/worsening
2025-06-07 13:22:24,291 - INFO - Epoch 76 - Training: 0.027996, Validation: 0.023581, Time: 73.98s
2025-06-07 13:22:24,291 - INFO - Validation loss trend: improving
2025-06-07 13:23:37,876 - INFO - Epoch 77 - Training: 0.026532, Validation: 0.024498, Time: 73.58s
2025-06-07 13:23:37,876 - INFO - Validation loss trend: stable/worsening
2025-06-07 13:24:51,963 - INFO - Epoch 78 - Training: 0.025819, Validation: 0.022146, Time: 74.09s
2025-06-07 13:24:51,963 - INFO - Validation loss trend: improving
2025-06-07 13:26:05,045 - INFO - Epoch 79 - Training: 0.024562, Validation: 0.022351, Time: 73.08s
2025-06-07 13:26:05,046 - INFO - Validation loss trend: stable/worsening
2025-06-07 13:27:19,201 - INFO - Epoch 80 - Training: 0.024288, Validation: 0.021225, Time: 74.16s
2025-06-07 13:27:19,202 - INFO - Validation loss trend: improving
2025-06-07 13:28:32,588 - INFO - Epoch 81 - Training: 0.023375, Validation: 0.021172, Time: 73.39s
2025-06-07 13:28:32,589 - INFO - Validation loss trend: improving
2025-06-07 13:29:46,247 - INFO - Epoch 82 - Training: 0.023763, Validation: 0.020757, Time: 73.66s
2025-06-07 13:29:46,247 - INFO - Validation loss trend: improving
2025-06-07 13:31:00,722 - INFO - Epoch 83 - Training: 0.022143, Validation: 0.021314, Time: 74.48s
2025-06-07 13:31:00,722 - INFO - Validation loss trend: stable/worsening
2025-06-07 13:32:14,810 - INFO - Epoch 84 - Training: 0.021476, Validation: 0.020024, Time: 74.09s
2025-06-07 13:32:14,810 - INFO - Validation loss trend: improving
2025-06-07 13:33:28,681 - INFO - Epoch 85 - Training: 0.022396, Validation: 0.024904, Time: 73.87s
2025-06-07 13:33:28,682 - INFO - Validation loss trend: stable/worsening
2025-06-07 13:34:42,980 - INFO - Epoch 86 - Training: 0.023172, Validation: 0.019134, Time: 74.30s
2025-06-07 13:34:42,980 - INFO - Validation loss trend: improving
2025-06-07 13:35:56,890 - INFO - Epoch 87 - Training: 0.020628, Validation: 0.018959, Time: 73.91s
2025-06-07 13:35:56,890 - INFO - Validation loss trend: improving
2025-06-07 13:37:11,176 - INFO - Epoch 88 - Training: 0.021037, Validation: 0.018807, Time: 74.29s
2025-06-07 13:37:11,176 - INFO - Validation loss trend: improving
2025-06-07 13:38:25,304 - INFO - Epoch 89 - Training: 0.018792, Validation: 0.017393, Time: 74.13s
2025-06-07 13:38:25,304 - INFO - Validation loss trend: improving
2025-06-07 13:39:39,801 - INFO - Epoch 90 - Training: 0.018082, Validation: 0.016458, Time: 74.50s
2025-06-07 13:39:39,801 - INFO - Validation loss trend: improving
2025-06-07 13:40:53,410 - INFO - Epoch 91 - Training: 0.017245, Validation: 0.016212, Time: 73.61s
2025-06-07 13:40:53,410 - INFO - Validation loss trend: improving
2025-06-07 13:42:07,195 - INFO - Epoch 92 - Training: 0.017410, Validation: 0.016098, Time: 73.79s
2025-06-07 13:42:07,196 - INFO - Validation loss trend: improving
2025-06-07 13:43:20,466 - INFO - Epoch 93 - Training: 0.018197, Validation: 0.015922, Time: 73.27s
2025-06-07 13:43:20,467 - INFO - Validation loss trend: improving
2025-06-07 13:44:33,698 - INFO - Epoch 94 - Training: 0.016774, Validation: 0.015688, Time: 73.23s
2025-06-07 13:44:33,698 - INFO - Validation loss trend: improving
2025-06-07 13:45:47,869 - INFO - Epoch 95 - Training: 0.016553, Validation: 0.014954, Time: 74.17s
2025-06-07 13:45:47,869 - INFO - Validation loss trend: improving
2025-06-07 13:47:01,664 - INFO - Epoch 96 - Training: 0.016566, Validation: 0.017641, Time: 73.79s
2025-06-07 13:47:01,664 - INFO - Validation loss trend: stable/worsening
2025-06-07 13:48:15,893 - INFO - Epoch 97 - Training: 0.017409, Validation: 0.015752, Time: 74.23s
2025-06-07 13:48:15,893 - INFO - Validation loss trend: improving
2025-06-07 13:49:28,913 - INFO - Epoch 98 - Training: 0.016682, Validation: 0.015688, Time: 73.02s
2025-06-07 13:49:28,913 - INFO - Validation loss trend: improving
2025-06-07 13:50:42,454 - INFO - Epoch 99 - Training: 0.016371, Validation: 0.015950, Time: 73.54s
2025-06-07 13:50:42,454 - INFO - Validation loss trend: stable/worsening
2025-06-07 13:51:56,209 - INFO - Epoch 100 - Training: 0.015282, Validation: 0.014573, Time: 73.75s
2025-06-07 13:51:56,209 - INFO - Validation loss trend: improving
2025-06-07 13:53:10,451 - INFO - Epoch 101 - Training: 0.015535, Validation: 0.013999, Time: 74.24s
2025-06-07 13:53:10,451 - INFO - Validation loss trend: improving
2025-06-07 13:54:23,861 - INFO - Epoch 102 - Training: 0.014632, Validation: 0.013584, Time: 73.41s
2025-06-07 13:54:23,861 - INFO - Validation loss trend: improving
2025-06-07 13:55:37,799 - INFO - Epoch 103 - Training: 0.014000, Validation: 0.013287, Time: 73.94s
2025-06-07 13:55:37,799 - INFO - Validation loss trend: improving
2025-06-07 13:56:51,197 - INFO - Epoch 104 - Training: 0.013931, Validation: 0.015032, Time: 73.40s
2025-06-07 13:56:51,197 - INFO - Validation loss trend: stable/worsening
2025-06-07 13:58:04,365 - INFO - Epoch 105 - Training: 0.015906, Validation: 0.014759, Time: 73.17s
2025-06-07 13:58:04,366 - INFO - Validation loss trend: improving
2025-06-07 13:59:17,233 - INFO - Epoch 106 - Training: 0.014229, Validation: 0.013846, Time: 72.87s
2025-06-07 13:59:17,233 - INFO - Validation loss trend: improving
2025-06-07 14:00:31,641 - INFO - Epoch 107 - Training: 0.013755, Validation: 0.014193, Time: 74.41s
2025-06-07 14:00:31,641 - INFO - Validation loss trend: stable/worsening
2025-06-07 14:01:45,952 - INFO - Epoch 108 - Training: 0.014509, Validation: 0.014444, Time: 74.31s
2025-06-07 14:01:45,952 - INFO - Validation loss trend: stable/worsening
2025-06-07 14:02:59,441 - INFO - Epoch 109 - Training: 0.014041, Validation: 0.013825, Time: 73.49s
2025-06-07 14:02:59,441 - INFO - Validation loss trend: improving
2025-06-07 14:04:13,488 - INFO - Epoch 110 - Training: 0.016795, Validation: 0.013460, Time: 74.05s
2025-06-07 14:04:13,489 - INFO - Validation loss trend: improving
2025-06-07 14:05:27,288 - INFO - Epoch 111 - Training: 0.013426, Validation: 0.012555, Time: 73.80s
2025-06-07 14:05:27,289 - INFO - Validation loss trend: improving
2025-06-07 14:06:40,584 - INFO - Epoch 112 - Training: 0.012811, Validation: 0.012353, Time: 73.30s
2025-06-07 14:06:40,584 - INFO - Validation loss trend: improving
2025-06-07 14:07:53,526 - INFO - Epoch 113 - Training: 0.012229, Validation: 0.012287, Time: 72.94s
2025-06-07 14:07:53,527 - INFO - Validation loss trend: improving
2025-06-07 14:09:07,346 - INFO - Epoch 114 - Training: 0.012644, Validation: 0.013303, Time: 73.82s
2025-06-07 14:09:07,346 - INFO - Validation loss trend: stable/worsening
2025-06-07 14:10:20,773 - INFO - Epoch 115 - Training: 0.012138, Validation: 0.017090, Time: 73.43s
2025-06-07 14:10:20,773 - INFO - Validation loss trend: stable/worsening
2025-06-07 14:11:34,667 - INFO - Epoch 116 - Training: 0.018657, Validation: 0.014826, Time: 73.89s
2025-06-07 14:11:34,668 - INFO - Validation loss trend: improving
2025-06-07 14:12:48,628 - INFO - Epoch 117 - Training: 0.015451, Validation: 0.015122, Time: 73.96s
2025-06-07 14:12:48,628 - INFO - Validation loss trend: stable/worsening
2025-06-07 14:14:02,408 - INFO - Epoch 118 - Training: 0.013411, Validation: 0.012836, Time: 73.78s
2025-06-07 14:14:02,408 - INFO - Validation loss trend: improving
2025-06-07 14:15:16,632 - INFO - Epoch 119 - Training: 0.012540, Validation: 0.011909, Time: 74.22s
2025-06-07 14:15:16,632 - INFO - Validation loss trend: improving
2025-06-07 14:16:30,658 - INFO - Epoch 120 - Training: 0.012462, Validation: 0.012237, Time: 74.03s
2025-06-07 14:16:30,658 - INFO - Validation loss trend: stable/worsening
2025-06-07 14:17:43,881 - INFO - Epoch 121 - Training: 0.013095, Validation: 0.011364, Time: 73.22s
2025-06-07 14:17:43,881 - INFO - Validation loss trend: improving
2025-06-07 14:18:57,924 - INFO - Epoch 122 - Training: 0.011543, Validation: 0.010584, Time: 74.04s
2025-06-07 14:18:57,924 - INFO - Validation loss trend: improving
2025-06-07 14:20:11,605 - INFO - Epoch 123 - Training: 0.011234, Validation: 0.010309, Time: 73.68s
2025-06-07 14:20:11,605 - INFO - Validation loss trend: improving
2025-06-07 14:21:26,040 - INFO - Epoch 124 - Training: 0.011222, Validation: 0.017891, Time: 74.44s
2025-06-07 14:21:26,041 - INFO - Validation loss trend: stable/worsening
2025-06-07 14:22:39,628 - INFO - Epoch 125 - Training: 0.012890, Validation: 0.011853, Time: 73.59s
2025-06-07 14:22:39,628 - INFO - Validation loss trend: improving
2025-06-07 14:23:54,039 - INFO - Epoch 126 - Training: 0.011625, Validation: 0.010391, Time: 74.41s
2025-06-07 14:23:54,039 - INFO - Validation loss trend: improving
2025-06-07 14:25:07,731 - INFO - Epoch 127 - Training: 0.010700, Validation: 0.009906, Time: 73.69s
2025-06-07 14:25:07,731 - INFO - Validation loss trend: improving
2025-06-07 14:26:21,396 - INFO - Epoch 128 - Training: 0.010541, Validation: 0.009686, Time: 73.66s
2025-06-07 14:26:21,396 - INFO - Validation loss trend: improving
2025-06-07 14:27:35,679 - INFO - Epoch 129 - Training: 0.010524, Validation: 0.010031, Time: 74.28s
2025-06-07 14:27:35,679 - INFO - Validation loss trend: stable/worsening
2025-06-07 14:28:49,739 - INFO - Epoch 130 - Training: 0.010834, Validation: 0.010105, Time: 74.06s
2025-06-07 14:28:49,739 - INFO - Validation loss trend: stable/worsening
2025-06-07 14:30:04,071 - INFO - Epoch 131 - Training: 0.010488, Validation: 0.010148, Time: 74.33s
2025-06-07 14:30:04,071 - INFO - Validation loss trend: stable/worsening
2025-06-07 14:31:18,132 - INFO - Epoch 132 - Training: 0.011695, Validation: 0.017384, Time: 74.06s
2025-06-07 14:31:18,132 - INFO - Validation loss trend: stable/worsening
2025-06-07 14:32:32,126 - INFO - Epoch 133 - Training: 0.019018, Validation: 0.012699, Time: 73.99s
2025-06-07 14:32:32,126 - INFO - Validation loss trend: improving
2025-06-07 14:33:45,251 - INFO - Epoch 134 - Training: 0.012728, Validation: 0.011826, Time: 73.12s
2025-06-07 14:33:45,251 - INFO - Validation loss trend: improving
2025-06-07 14:35:00,020 - INFO - Epoch 135 - Training: 0.011598, Validation: 0.010710, Time: 74.77s
2025-06-07 14:35:00,020 - INFO - Validation loss trend: improving
2025-06-07 14:36:13,669 - INFO - Epoch 136 - Training: 0.010341, Validation: 0.010319, Time: 73.65s
2025-06-07 14:36:13,669 - INFO - Validation loss trend: improving
2025-06-07 14:37:26,693 - INFO - Epoch 137 - Training: 0.010117, Validation: 0.009867, Time: 73.02s
2025-06-07 14:37:26,693 - INFO - Validation loss trend: improving
2025-06-07 14:38:39,648 - INFO - Epoch 138 - Training: 0.009990, Validation: 0.010061, Time: 72.95s
2025-06-07 14:38:39,648 - INFO - Validation loss trend: stable/worsening
2025-06-07 14:39:53,548 - INFO - Epoch 139 - Training: 0.009904, Validation: 0.009808, Time: 73.90s
2025-06-07 14:39:53,548 - INFO - Validation loss trend: improving
2025-06-07 14:41:07,160 - INFO - Epoch 140 - Training: 0.009788, Validation: 0.011522, Time: 73.61s
2025-06-07 14:41:07,161 - INFO - Validation loss trend: stable/worsening
2025-06-07 14:42:20,727 - INFO - Epoch 141 - Training: 0.010181, Validation: 0.010111, Time: 73.57s
2025-06-07 14:42:20,727 - INFO - Validation loss trend: improving
2025-06-07 14:43:34,396 - INFO - Epoch 142 - Training: 0.010035, Validation: 0.010159, Time: 73.67s
2025-06-07 14:43:34,396 - INFO - Validation loss trend: stable/worsening
2025-06-07 14:44:47,424 - INFO - Epoch 143 - Training: 0.010864, Validation: 0.011196, Time: 73.03s
2025-06-07 14:44:47,424 - INFO - Validation loss trend: stable/worsening
2025-06-07 14:46:00,570 - INFO - Epoch 144 - Training: 0.010289, Validation: 0.011787, Time: 73.15s
2025-06-07 14:46:00,570 - INFO - Validation loss trend: stable/worsening
2025-06-07 14:47:14,554 - INFO - Epoch 145 - Training: 0.010686, Validation: 0.009945, Time: 73.98s
2025-06-07 14:47:14,554 - INFO - Validation loss trend: improving
2025-06-07 14:48:28,215 - INFO - Epoch 146 - Training: 0.009577, Validation: 0.009708, Time: 73.66s
2025-06-07 14:48:28,215 - INFO - Validation loss trend: improving
2025-06-07 14:49:42,112 - INFO - Epoch 147 - Training: 0.009343, Validation: 0.009689, Time: 73.90s
2025-06-07 14:49:42,112 - INFO - Validation loss trend: improving
2025-06-07 14:50:56,137 - INFO - Epoch 148 - Training: 0.009321, Validation: 0.009747, Time: 74.02s
2025-06-07 14:50:56,137 - INFO - Validation loss trend: stable/worsening
2025-06-07 14:52:10,431 - INFO - Epoch 149 - Training: 0.009495, Validation: 0.012190, Time: 74.29s
2025-06-07 14:52:10,431 - INFO - Validation loss trend: stable/worsening
2025-06-07 14:53:24,184 - INFO - Epoch 150 - Training: 0.014415, Validation: 0.016254, Time: 73.75s
2025-06-07 14:53:24,185 - INFO - Validation loss trend: stable/worsening
2025-06-07 14:54:38,635 - INFO - Epoch 151 - Training: 0.015280, Validation: 0.014537, Time: 74.45s
2025-06-07 14:54:38,635 - INFO - Validation loss trend: improving
2025-06-07 14:55:51,798 - INFO - Epoch 152 - Training: 0.012582, Validation: 0.010880, Time: 73.16s
2025-06-07 14:55:51,799 - INFO - Validation loss trend: improving
2025-06-07 14:57:05,101 - INFO - Epoch 153 - Training: 0.010976, Validation: 0.010119, Time: 73.30s
2025-06-07 14:57:05,101 - INFO - Validation loss trend: improving
2025-06-07 14:58:18,731 - INFO - Epoch 154 - Training: 0.010080, Validation: 0.009500, Time: 73.63s
2025-06-07 14:58:18,731 - INFO - Validation loss trend: improving
2025-06-07 14:59:32,326 - INFO - Epoch 155 - Training: 0.009952, Validation: 0.010190, Time: 73.60s
2025-06-07 14:59:32,326 - INFO - Validation loss trend: stable/worsening
2025-06-07 15:00:45,948 - INFO - Epoch 156 - Training: 0.010317, Validation: 0.013592, Time: 73.62s
2025-06-07 15:00:45,948 - INFO - Validation loss trend: stable/worsening
2025-06-07 15:01:59,670 - INFO - Epoch 157 - Training: 0.012951, Validation: 0.014411, Time: 73.72s
2025-06-07 15:01:59,670 - INFO - Validation loss trend: stable/worsening
2025-06-07 15:03:13,686 - INFO - Epoch 158 - Training: 0.012141, Validation: 0.009404, Time: 74.02s
2025-06-07 15:03:13,687 - INFO - Validation loss trend: improving
2025-06-07 15:04:27,702 - INFO - Epoch 159 - Training: 0.010082, Validation: 0.009209, Time: 74.01s
2025-06-07 15:04:27,702 - INFO - Validation loss trend: improving
2025-06-07 15:05:41,601 - INFO - Epoch 160 - Training: 0.011237, Validation: 0.009935, Time: 73.90s
2025-06-07 15:05:41,601 - INFO - Validation loss trend: stable/worsening
2025-06-07 15:06:55,509 - INFO - Epoch 161 - Training: 0.010149, Validation: 0.008976, Time: 73.91s
2025-06-07 15:06:55,509 - INFO - Validation loss trend: improving
2025-06-07 15:08:09,595 - INFO - Epoch 162 - Training: 0.009579, Validation: 0.008971, Time: 74.09s
2025-06-07 15:08:09,595 - INFO - Validation loss trend: improving
2025-06-07 15:09:23,393 - INFO - Epoch 163 - Training: 0.008915, Validation: 0.008577, Time: 73.80s
2025-06-07 15:09:23,393 - INFO - Validation loss trend: improving
2025-06-07 15:10:37,143 - INFO - Epoch 164 - Training: 0.008575, Validation: 0.008798, Time: 73.75s
2025-06-07 15:10:37,143 - INFO - Validation loss trend: stable/worsening
2025-06-07 15:11:51,130 - INFO - Epoch 165 - Training: 0.009700, Validation: 0.014336, Time: 73.99s
2025-06-07 15:11:51,130 - INFO - Validation loss trend: stable/worsening
2025-06-07 15:13:04,863 - INFO - Epoch 166 - Training: 0.012210, Validation: 0.011806, Time: 73.73s
2025-06-07 15:13:04,863 - INFO - Validation loss trend: improving
2025-06-07 15:14:18,976 - INFO - Epoch 167 - Training: 0.009778, Validation: 0.009430, Time: 74.11s
2025-06-07 15:14:18,976 - INFO - Validation loss trend: improving
2025-06-07 15:15:32,335 - INFO - Epoch 168 - Training: 0.008796, Validation: 0.008815, Time: 73.36s
2025-06-07 15:15:32,335 - INFO - Validation loss trend: improving
2025-06-07 15:16:46,085 - INFO - Epoch 169 - Training: 0.008968, Validation: 0.009058, Time: 73.75s
2025-06-07 15:16:46,085 - INFO - Validation loss trend: stable/worsening
2025-06-07 15:18:00,040 - INFO - Epoch 170 - Training: 0.008771, Validation: 0.009499, Time: 73.96s
2025-06-07 15:18:00,041 - INFO - Validation loss trend: stable/worsening
2025-06-07 15:19:13,521 - INFO - Epoch 171 - Training: 0.009513, Validation: 0.009765, Time: 73.48s
2025-06-07 15:19:13,521 - INFO - Validation loss trend: stable/worsening
2025-06-07 15:20:27,474 - INFO - Epoch 172 - Training: 0.009141, Validation: 0.008917, Time: 73.95s
2025-06-07 15:20:27,474 - INFO - Validation loss trend: improving
2025-06-07 15:21:41,496 - INFO - Epoch 173 - Training: 0.008738, Validation: 0.008993, Time: 74.02s
2025-06-07 15:21:41,497 - INFO - Validation loss trend: stable/worsening
2025-06-07 15:22:55,492 - INFO - Epoch 174 - Training: 0.009759, Validation: 0.009376, Time: 74.00s
2025-06-07 15:22:55,492 - INFO - Validation loss trend: stable/worsening
2025-06-07 15:24:08,823 - INFO - Epoch 175 - Training: 0.008670, Validation: 0.008534, Time: 73.33s
2025-06-07 15:24:08,823 - INFO - Validation loss trend: improving
2025-06-07 15:25:22,795 - INFO - Epoch 176 - Training: 0.008335, Validation: 0.008468, Time: 73.97s
2025-06-07 15:25:22,795 - INFO - Validation loss trend: improving
2025-06-07 15:26:36,448 - INFO - Epoch 177 - Training: 0.008197, Validation: 0.009714, Time: 73.65s
2025-06-07 15:26:36,448 - INFO - Validation loss trend: stable/worsening
2025-06-07 15:27:51,508 - INFO - Epoch 178 - Training: 0.008306, Validation: 0.008580, Time: 75.06s
2025-06-07 15:27:51,509 - INFO - Validation loss trend: improving
2025-06-07 15:29:05,668 - INFO - Epoch 179 - Training: 0.007938, Validation: 0.008350, Time: 74.16s
2025-06-07 15:29:05,669 - INFO - Validation loss trend: improving
2025-06-07 15:30:19,529 - INFO - Epoch 180 - Training: 0.008123, Validation: 0.008348, Time: 73.86s
2025-06-07 15:30:19,529 - INFO - Validation loss trend: improving
2025-06-07 15:31:32,925 - INFO - Epoch 181 - Training: 0.009090, Validation: 0.009148, Time: 73.40s
2025-06-07 15:31:32,925 - INFO - Validation loss trend: stable/worsening
2025-06-07 15:32:47,276 - INFO - Epoch 182 - Training: 0.010949, Validation: 0.011708, Time: 74.35s
2025-06-07 15:32:47,276 - INFO - Validation loss trend: stable/worsening
2025-06-07 15:34:02,036 - INFO - Epoch 183 - Training: 0.012056, Validation: 0.009801, Time: 74.76s
2025-06-07 15:34:02,036 - INFO - Validation loss trend: improving
2025-06-07 15:35:15,503 - INFO - Epoch 184 - Training: 0.009601, Validation: 0.008324, Time: 73.47s
2025-06-07 15:35:15,503 - INFO - Validation loss trend: improving
2025-06-07 15:36:30,221 - INFO - Epoch 185 - Training: 0.008282, Validation: 0.007920, Time: 74.72s
2025-06-07 15:36:30,221 - INFO - Validation loss trend: improving
2025-06-07 15:37:44,113 - INFO - Epoch 186 - Training: 0.007984, Validation: 0.008424, Time: 73.89s
2025-06-07 15:37:44,113 - INFO - Validation loss trend: stable/worsening
2025-06-07 15:38:58,776 - INFO - Epoch 187 - Training: 0.007755, Validation: 0.008028, Time: 74.66s
2025-06-07 15:38:58,776 - INFO - Validation loss trend: improving
2025-06-07 15:40:12,979 - INFO - Epoch 188 - Training: 0.007621, Validation: 0.008111, Time: 74.20s
2025-06-07 15:40:12,979 - INFO - Validation loss trend: stable/worsening
2025-06-07 15:41:27,728 - INFO - Epoch 189 - Training: 0.007976, Validation: 0.008076, Time: 74.75s
2025-06-07 15:41:27,728 - INFO - Validation loss trend: improving
2025-06-07 15:42:41,286 - INFO - Epoch 190 - Training: 0.008358, Validation: 0.008151, Time: 73.56s
2025-06-07 15:42:41,286 - INFO - Validation loss trend: stable/worsening
2025-06-07 15:43:54,581 - INFO - Epoch 191 - Training: 0.007526, Validation: 0.008223, Time: 73.29s
2025-06-07 15:43:54,581 - INFO - Validation loss trend: stable/worsening
2025-06-07 15:45:08,958 - INFO - Epoch 192 - Training: 0.007485, Validation: 0.008295, Time: 74.38s
2025-06-07 15:45:08,958 - INFO - Validation loss trend: stable/worsening
2025-06-07 15:46:23,570 - INFO - Epoch 193 - Training: 0.009684, Validation: 0.009644, Time: 74.61s
2025-06-07 15:46:23,570 - INFO - Validation loss trend: stable/worsening
2025-06-07 15:47:37,649 - INFO - Epoch 194 - Training: 0.008371, Validation: 0.008567, Time: 74.08s
2025-06-07 15:47:37,649 - INFO - Validation loss trend: improving
2025-06-07 15:48:52,833 - INFO - Epoch 195 - Training: 0.008091, Validation: 0.007722, Time: 75.18s
2025-06-07 15:48:52,833 - INFO - Validation loss trend: improving
2025-06-07 15:50:06,230 - INFO - Epoch 196 - Training: 0.007961, Validation: 0.008091, Time: 73.40s
2025-06-07 15:50:06,230 - INFO - Validation loss trend: stable/worsening
2025-06-07 15:51:20,278 - INFO - Epoch 197 - Training: 0.007574, Validation: 0.007963, Time: 74.05s
2025-06-07 15:51:20,278 - INFO - Validation loss trend: improving
2025-06-07 15:52:34,284 - INFO - Epoch 198 - Training: 0.007611, Validation: 0.007807, Time: 74.01s
2025-06-07 15:52:34,284 - INFO - Validation loss trend: improving
2025-06-07 15:53:48,016 - INFO - Epoch 199 - Training: 0.007608, Validation: 0.007861, Time: 73.73s
2025-06-07 15:53:48,016 - INFO - Validation loss trend: stable/worsening
2025-06-07 15:55:01,299 - INFO - Epoch 200 - Training: 0.029541, Validation: 0.024735, Time: 73.28s
2025-06-07 15:55:01,299 - INFO - Validation loss trend: stable/worsening
2025-06-07 15:55:01,299 - INFO - ✅ Enhanced training loop completed successfully!
2025-06-07 15:55:01,299 - INFO - 🔍 Starting model testing phase...
2025-06-07 15:55:13,319 - INFO - 📊 Detailed test results saved to: /home/mooc_parallel_2021_003/new/set-up-jupyterlab-gcp/docker_jupyterlab/jupyter-data/EQTransformer-Indonesia/EQTransformer/core_ind/../../models/indonesia_model_20250607_114720/test_results/validation_predictions_detailed.csv
2025-06-07 15:55:13,319 - INFO - 📊 Test summary saved to: /home/mooc_parallel_2021_003/new/set-up-jupyterlab-gcp/docker_jupyterlab/jupyter-data/EQTransformer-Indonesia/EQTransformer/core_ind/../../models/indonesia_model_20250607_114720/test_results/test_summary.csv
2025-06-07 15:55:13,319 - INFO - 📊 Total test samples: 384
2025-06-07 15:55:13,321 - INFO - 📊 Training history saved to: /home/mooc_parallel_2021_003/new/set-up-jupyterlab-gcp/docker_jupyterlab/jupyter-data/EQTransformer-Indonesia/EQTransformer/core_ind/../../models/indonesia_model_20250607_114720/training_history.csv
2025-06-07 15:55:14,582 - INFO - 📈 Loss curves plot saved to: /home/mooc_parallel_2021_003/new/set-up-jupyterlab-gcp/docker_jupyterlab/jupyter-data/EQTransformer-Indonesia/EQTransformer/core_ind/../../models/indonesia_model_20250607_114720/loss_curves.png
2025-06-07 15:55:14,582 - INFO - 🎉 All training outputs successfully saved!
