2025-06-07 10:20:22,883 - INFO - 📊 Training strategy:
2025-06-07 10:20:22,883 - INFO -    - Max training steps per epoch: 102
2025-06-07 10:20:22,883 - INFO -    - Max validation steps: 12
2025-06-07 10:20:22,883 - INFO -    - Total epochs: 2
2025-06-07 10:20:22,883 - INFO -    - Training coverage: 100.0%
2025-06-07 10:20:22,883 - INFO -    - Validation coverage: 100.0%
2025-06-07 10:20:23,069 - ERROR - Training step 1 failed: 'numpy.bool_' object is not iterable
2025-06-07 10:20:23,273 - ERROR - Training step 2 failed: 'numpy.bool_' object is not iterable
2025-06-07 10:20:23,482 - ERROR - Training step 3 failed: 'numpy.bool_' object is not iterable
2025-06-07 10:20:23,669 - ERROR - Training step 4 failed: 'numpy.bool_' object is not iterable
2025-06-07 10:20:23,902 - ERROR - Training step 5 failed: 'numpy.bool_' object is not iterable
2025-06-07 10:20:24,117 - ERROR - Training step 6 failed: 'numpy.bool_' object is not iterable
2025-06-07 10:20:24,324 - ERROR - Training step 7 failed: 'numpy.bool_' object is not iterable
2025-06-07 10:20:24,554 - ERROR - Training step 8 failed: 'numpy.bool_' object is not iterable
2025-06-07 10:20:24,742 - ERROR - Training step 9 failed: 'numpy.bool_' object is not iterable
2025-06-07 10:20:24,950 - ERROR - Training step 10 failed: 'numpy.bool_' object is not iterable
2025-06-07 10:20:25,132 - ERROR - Training step 11 failed: 'numpy.bool_' object is not iterable
2025-06-07 10:20:25,295 - ERROR - Training step 12 failed: 'numpy.bool_' object is not iterable
2025-06-07 10:20:25,458 - ERROR - Training step 13 failed: 'numpy.bool_' object is not iterable
2025-06-07 10:20:25,634 - ERROR - Training step 14 failed: 'numpy.bool_' object is not iterable
2025-06-07 10:20:25,835 - ERROR - Training step 15 failed: 'numpy.bool_' object is not iterable
2025-06-07 10:20:26,037 - ERROR - Training step 16 failed: 'numpy.bool_' object is not iterable
2025-06-07 10:20:26,192 - ERROR - Training step 17 failed: 'numpy.bool_' object is not iterable
2025-06-07 10:20:26,411 - ERROR - Training step 18 failed: 'numpy.bool_' object is not iterable
2025-06-07 10:20:26,617 - ERROR - Training step 19 failed: 'numpy.bool_' object is not iterable
2025-06-07 10:20:26,890 - ERROR - Training step 20 failed: 'numpy.bool_' object is not iterable
2025-06-07 10:20:27,080 - ERROR - Training step 21 failed: 'numpy.bool_' object is not iterable
2025-06-07 10:20:27,237 - ERROR - Training step 22 failed: 'numpy.bool_' object is not iterable
2025-06-07 10:20:27,360 - ERROR - Training step 23 failed: 'numpy.bool_' object is not iterable
2025-06-07 10:20:27,565 - ERROR - Training step 24 failed: 'numpy.bool_' object is not iterable
2025-06-07 10:20:27,728 - ERROR - Training step 25 failed: 'numpy.bool_' object is not iterable
2025-06-07 10:20:27,956 - ERROR - Training step 26 failed: 'numpy.bool_' object is not iterable
2025-06-07 10:20:28,173 - ERROR - Training step 27 failed: 'numpy.bool_' object is not iterable
2025-06-07 10:20:28,376 - ERROR - Training step 28 failed: 'numpy.bool_' object is not iterable
2025-06-07 10:20:28,573 - ERROR - Training step 29 failed: 'numpy.bool_' object is not iterable
2025-06-07 10:20:28,774 - ERROR - Training step 30 failed: 'numpy.bool_' object is not iterable
2025-06-07 10:20:28,936 - ERROR - Training step 31 failed: 'numpy.bool_' object is not iterable
2025-06-07 10:20:29,125 - ERROR - Training step 32 failed: 'numpy.bool_' object is not iterable
2025-06-07 10:20:29,340 - ERROR - Training step 33 failed: 'numpy.bool_' object is not iterable
2025-06-07 10:20:29,516 - ERROR - Training step 34 failed: 'numpy.bool_' object is not iterable
2025-06-07 10:20:29,720 - ERROR - Training step 35 failed: 'numpy.bool_' object is not iterable
2025-06-07 10:20:29,925 - ERROR - Training step 36 failed: 'numpy.bool_' object is not iterable
2025-06-07 10:20:30,183 - ERROR - Training step 37 failed: 'numpy.bool_' object is not iterable
2025-06-07 10:20:30,360 - ERROR - Training step 38 failed: 'numpy.bool_' object is not iterable
2025-06-07 10:20:30,562 - ERROR - Training step 39 failed: 'numpy.bool_' object is not iterable
2025-06-07 10:20:30,785 - ERROR - Training step 40 failed: 'numpy.bool_' object is not iterable
2025-06-07 10:20:31,012 - ERROR - Training step 41 failed: 'numpy.bool_' object is not iterable
2025-06-07 10:20:31,305 - ERROR - Training step 42 failed: 'numpy.bool_' object is not iterable
2025-06-07 10:20:31,494 - ERROR - Training step 43 failed: 'numpy.bool_' object is not iterable
2025-06-07 10:20:31,683 - ERROR - Training step 44 failed: 'numpy.bool_' object is not iterable
2025-06-07 10:20:31,886 - ERROR - Training step 45 failed: 'numpy.bool_' object is not iterable
2025-06-07 10:20:32,133 - ERROR - Training step 46 failed: 'numpy.bool_' object is not iterable
2025-06-07 10:20:32,297 - ERROR - Training step 47 failed: 'numpy.bool_' object is not iterable
2025-06-07 10:20:32,500 - ERROR - Training step 48 failed: 'numpy.bool_' object is not iterable
2025-06-07 10:20:32,734 - ERROR - Training step 49 failed: 'numpy.bool_' object is not iterable
2025-06-07 10:20:32,936 - ERROR - Training step 50 failed: 'numpy.bool_' object is not iterable
2025-06-07 10:20:33,138 - ERROR - Training step 51 failed: 'numpy.bool_' object is not iterable
2025-06-07 10:20:33,319 - ERROR - Training step 52 failed: 'numpy.bool_' object is not iterable
2025-06-07 10:20:33,510 - ERROR - Training step 53 failed: 'numpy.bool_' object is not iterable
2025-06-07 10:20:33,713 - ERROR - Training step 54 failed: 'numpy.bool_' object is not iterable
2025-06-07 10:20:33,954 - ERROR - Training step 55 failed: 'numpy.bool_' object is not iterable
2025-06-07 10:20:34,110 - ERROR - Training step 56 failed: 'numpy.bool_' object is not iterable
2025-06-07 10:20:34,331 - ERROR - Training step 57 failed: 'numpy.bool_' object is not iterable
2025-06-07 10:20:34,573 - ERROR - Training step 58 failed: 'numpy.bool_' object is not iterable
2025-06-07 10:20:34,749 - ERROR - Training step 59 failed: 'numpy.bool_' object is not iterable
2025-06-07 10:20:34,923 - ERROR - Training step 60 failed: 'numpy.bool_' object is not iterable
2025-06-07 10:20:35,115 - ERROR - Training step 61 failed: 'numpy.bool_' object is not iterable
2025-06-07 10:20:35,302 - ERROR - Training step 62 failed: 'numpy.bool_' object is not iterable
2025-06-07 10:20:35,501 - ERROR - Training step 63 failed: 'numpy.bool_' object is not iterable
2025-06-07 10:20:35,700 - ERROR - Training step 64 failed: 'numpy.bool_' object is not iterable
2025-06-07 10:20:35,930 - ERROR - Training step 65 failed: 'numpy.bool_' object is not iterable
2025-06-07 10:20:36,122 - ERROR - Training step 66 failed: 'numpy.bool_' object is not iterable
2025-06-07 10:20:36,334 - ERROR - Training step 67 failed: 'numpy.bool_' object is not iterable
2025-06-07 10:20:36,512 - ERROR - Training step 68 failed: 'numpy.bool_' object is not iterable
2025-06-07 10:20:36,727 - ERROR - Training step 69 failed: 'numpy.bool_' object is not iterable
2025-06-07 10:20:36,884 - ERROR - Training step 70 failed: 'numpy.bool_' object is not iterable
2025-06-07 10:20:37,097 - ERROR - Training step 71 failed: 'numpy.bool_' object is not iterable
2025-06-07 10:20:37,272 - ERROR - Training step 72 failed: 'numpy.bool_' object is not iterable
2025-06-07 10:20:37,440 - ERROR - Training step 73 failed: 'numpy.bool_' object is not iterable
2025-06-07 10:20:37,602 - ERROR - Training step 74 failed: 'numpy.bool_' object is not iterable
2025-06-07 10:20:37,784 - ERROR - Training step 75 failed: 'numpy.bool_' object is not iterable
2025-06-07 10:20:38,009 - ERROR - Training step 76 failed: 'numpy.bool_' object is not iterable
2025-06-07 10:20:38,208 - ERROR - Training step 77 failed: 'numpy.bool_' object is not iterable
2025-06-07 10:20:38,370 - ERROR - Training step 78 failed: 'numpy.bool_' object is not iterable
2025-06-07 10:20:38,532 - ERROR - Training step 79 failed: 'numpy.bool_' object is not iterable
2025-06-07 10:20:38,694 - ERROR - Training step 80 failed: 'numpy.bool_' object is not iterable
2025-06-07 10:20:38,900 - ERROR - Training step 81 failed: 'numpy.bool_' object is not iterable
2025-06-07 10:20:39,126 - ERROR - Training step 82 failed: 'numpy.bool_' object is not iterable
2025-06-07 10:20:39,351 - ERROR - Training step 83 failed: 'numpy.bool_' object is not iterable
2025-06-07 10:20:39,592 - ERROR - Training step 84 failed: 'numpy.bool_' object is not iterable
2025-06-07 10:20:39,826 - ERROR - Training step 85 failed: 'numpy.bool_' object is not iterable
2025-06-07 10:20:40,055 - ERROR - Training step 86 failed: 'numpy.bool_' object is not iterable
2025-06-07 10:20:40,295 - ERROR - Training step 87 failed: 'numpy.bool_' object is not iterable
2025-06-07 10:20:40,535 - ERROR - Training step 88 failed: 'numpy.bool_' object is not iterable
2025-06-07 10:20:40,750 - ERROR - Training step 89 failed: 'numpy.bool_' object is not iterable
2025-06-07 10:20:40,976 - ERROR - Training step 90 failed: 'numpy.bool_' object is not iterable
2025-06-07 10:20:41,202 - ERROR - Training step 91 failed: 'numpy.bool_' object is not iterable
2025-06-07 10:20:41,404 - ERROR - Training step 92 failed: 'numpy.bool_' object is not iterable
2025-06-07 10:20:41,585 - ERROR - Training step 93 failed: 'numpy.bool_' object is not iterable
2025-06-07 10:20:41,785 - ERROR - Training step 94 failed: 'numpy.bool_' object is not iterable
2025-06-07 10:20:41,972 - ERROR - Training step 95 failed: 'numpy.bool_' object is not iterable
2025-06-07 10:20:42,210 - ERROR - Training step 96 failed: 'numpy.bool_' object is not iterable
2025-06-07 10:20:42,359 - ERROR - Training step 97 failed: 'numpy.bool_' object is not iterable
2025-06-07 10:20:42,523 - ERROR - Training step 98 failed: 'numpy.bool_' object is not iterable
2025-06-07 10:20:42,748 - ERROR - Training step 99 failed: 'numpy.bool_' object is not iterable
2025-06-07 10:20:42,934 - ERROR - Training step 100 failed: 'numpy.bool_' object is not iterable
2025-06-07 10:20:43,110 - ERROR - Training step 101 failed: 'numpy.bool_' object is not iterable
2025-06-07 10:20:43,312 - ERROR - Training step 102 failed: 'numpy.bool_' object is not iterable
2025-06-07 10:20:56,070 - INFO - Epoch 1 - Training: 0.000000, Validation: 0.690048, Time: 33.19s
2025-06-07 10:20:56,070 - INFO - Validation loss trend: improving
2025-06-07 10:20:56,237 - ERROR - Training step 1 failed: 'numpy.bool_' object is not iterable
2025-06-07 10:20:56,434 - ERROR - Training step 2 failed: 'numpy.bool_' object is not iterable
2025-06-07 10:20:56,645 - ERROR - Training step 3 failed: 'numpy.bool_' object is not iterable
2025-06-07 10:20:56,831 - ERROR - Training step 4 failed: 'numpy.bool_' object is not iterable
2025-06-07 10:20:56,985 - ERROR - Training step 5 failed: 'numpy.bool_' object is not iterable
2025-06-07 10:20:57,178 - ERROR - Training step 6 failed: 'numpy.bool_' object is not iterable
2025-06-07 10:20:57,440 - ERROR - Training step 7 failed: 'numpy.bool_' object is not iterable
2025-06-07 10:20:57,657 - ERROR - Training step 8 failed: 'numpy.bool_' object is not iterable
2025-06-07 10:20:57,887 - ERROR - Training step 9 failed: 'numpy.bool_' object is not iterable
2025-06-07 10:20:58,090 - ERROR - Training step 10 failed: 'numpy.bool_' object is not iterable
2025-06-07 10:20:58,311 - ERROR - Training step 11 failed: 'numpy.bool_' object is not iterable
2025-06-07 10:20:58,462 - ERROR - Training step 12 failed: 'numpy.bool_' object is not iterable
2025-06-07 10:20:58,702 - ERROR - Training step 13 failed: 'numpy.bool_' object is not iterable
2025-06-07 10:20:58,905 - ERROR - Training step 14 failed: 'numpy.bool_' object is not iterable
2025-06-07 10:20:59,098 - ERROR - Training step 15 failed: 'numpy.bool_' object is not iterable
2025-06-07 10:20:59,302 - ERROR - Training step 16 failed: 'numpy.bool_' object is not iterable
2025-06-07 10:20:59,439 - ERROR - Training step 17 failed: 'numpy.bool_' object is not iterable
2025-06-07 10:20:59,631 - ERROR - Training step 18 failed: 'numpy.bool_' object is not iterable
2025-06-07 10:20:59,848 - ERROR - Training step 19 failed: 'numpy.bool_' object is not iterable
2025-06-07 10:21:00,037 - ERROR - Training step 20 failed: 'numpy.bool_' object is not iterable
2025-06-07 10:21:00,213 - ERROR - Training step 21 failed: 'numpy.bool_' object is not iterable
2025-06-07 10:21:00,402 - ERROR - Training step 22 failed: 'numpy.bool_' object is not iterable
2025-06-07 10:21:00,610 - ERROR - Training step 23 failed: 'numpy.bool_' object is not iterable
2025-06-07 10:21:00,780 - ERROR - Training step 24 failed: 'numpy.bool_' object is not iterable
2025-06-07 10:21:00,969 - ERROR - Training step 25 failed: 'numpy.bool_' object is not iterable
2025-06-07 10:21:01,160 - ERROR - Training step 26 failed: 'numpy.bool_' object is not iterable
2025-06-07 10:21:01,324 - ERROR - Training step 27 failed: 'numpy.bool_' object is not iterable
2025-06-07 10:21:01,488 - ERROR - Training step 28 failed: 'numpy.bool_' object is not iterable
2025-06-07 10:21:01,690 - ERROR - Training step 29 failed: 'numpy.bool_' object is not iterable
2025-06-07 10:21:01,893 - ERROR - Training step 30 failed: 'numpy.bool_' object is not iterable
2025-06-07 10:21:02,057 - ERROR - Training step 31 failed: 'numpy.bool_' object is not iterable
2025-06-07 10:21:02,221 - ERROR - Training step 32 failed: 'numpy.bool_' object is not iterable
2025-06-07 10:21:02,438 - ERROR - Training step 33 failed: 'numpy.bool_' object is not iterable
2025-06-07 10:21:02,640 - ERROR - Training step 34 failed: 'numpy.bool_' object is not iterable
2025-06-07 10:21:02,858 - ERROR - Training step 35 failed: 'numpy.bool_' object is not iterable
2025-06-07 10:21:03,050 - ERROR - Training step 36 failed: 'numpy.bool_' object is not iterable
2025-06-07 10:21:03,229 - ERROR - Training step 37 failed: 'numpy.bool_' object is not iterable
2025-06-07 10:21:03,379 - ERROR - Training step 38 failed: 'numpy.bool_' object is not iterable
2025-06-07 10:21:03,595 - ERROR - Training step 39 failed: 'numpy.bool_' object is not iterable
2025-06-07 10:21:03,798 - ERROR - Training step 40 failed: 'numpy.bool_' object is not iterable
2025-06-07 10:21:04,052 - ERROR - Training step 41 failed: 'numpy.bool_' object is not iterable
2025-06-07 10:21:04,228 - ERROR - Training step 42 failed: 'numpy.bool_' object is not iterable
2025-06-07 10:21:04,417 - ERROR - Training step 43 failed: 'numpy.bool_' object is not iterable
2025-06-07 10:21:04,634 - ERROR - Training step 44 failed: 'numpy.bool_' object is not iterable
2025-06-07 10:21:04,862 - ERROR - Training step 45 failed: 'numpy.bool_' object is not iterable
2025-06-07 10:21:05,052 - ERROR - Training step 46 failed: 'numpy.bool_' object is not iterable
2025-06-07 10:21:05,281 - ERROR - Training step 47 failed: 'numpy.bool_' object is not iterable
2025-06-07 10:21:05,431 - ERROR - Training step 48 failed: 'numpy.bool_' object is not iterable
2025-06-07 10:21:05,659 - ERROR - Training step 49 failed: 'numpy.bool_' object is not iterable
2025-06-07 10:21:05,894 - ERROR - Training step 50 failed: 'numpy.bool_' object is not iterable
2025-06-07 10:21:06,110 - ERROR - Training step 51 failed: 'numpy.bool_' object is not iterable
2025-06-07 10:21:06,304 - ERROR - Training step 52 failed: 'numpy.bool_' object is not iterable
2025-06-07 10:21:06,511 - ERROR - Training step 53 failed: 'numpy.bool_' object is not iterable
2025-06-07 10:21:06,727 - ERROR - Training step 54 failed: 'numpy.bool_' object is not iterable
2025-06-07 10:21:06,912 - ERROR - Training step 55 failed: 'numpy.bool_' object is not iterable
2025-06-07 10:21:07,089 - ERROR - Training step 56 failed: 'numpy.bool_' object is not iterable
2025-06-07 10:21:07,278 - ERROR - Training step 57 failed: 'numpy.bool_' object is not iterable
2025-06-07 10:21:07,490 - ERROR - Training step 58 failed: 'numpy.bool_' object is not iterable
2025-06-07 10:21:07,669 - ERROR - Training step 59 failed: 'numpy.bool_' object is not iterable
2025-06-07 10:21:07,871 - ERROR - Training step 60 failed: 'numpy.bool_' object is not iterable
2025-06-07 10:21:08,145 - ERROR - Training step 61 failed: 'numpy.bool_' object is not iterable
2025-06-07 10:21:08,361 - ERROR - Training step 62 failed: 'numpy.bool_' object is not iterable
2025-06-07 10:21:08,569 - ERROR - Training step 63 failed: 'numpy.bool_' object is not iterable
2025-06-07 10:21:08,791 - ERROR - Training step 64 failed: 'numpy.bool_' object is not iterable
2025-06-07 10:21:08,954 - ERROR - Training step 65 failed: 'numpy.bool_' object is not iterable
2025-06-07 10:21:09,188 - ERROR - Training step 66 failed: 'numpy.bool_' object is not iterable
2025-06-07 10:21:09,432 - ERROR - Training step 67 failed: 'numpy.bool_' object is not iterable
2025-06-07 10:21:09,681 - ERROR - Training step 68 failed: 'numpy.bool_' object is not iterable
2025-06-07 10:21:09,845 - ERROR - Training step 69 failed: 'numpy.bool_' object is not iterable
2025-06-07 10:21:10,034 - ERROR - Training step 70 failed: 'numpy.bool_' object is not iterable
2025-06-07 10:21:10,262 - ERROR - Training step 71 failed: 'numpy.bool_' object is not iterable
2025-06-07 10:21:10,451 - ERROR - Training step 72 failed: 'numpy.bool_' object is not iterable
2025-06-07 10:21:10,639 - ERROR - Training step 73 failed: 'numpy.bool_' object is not iterable
2025-06-07 10:21:10,905 - ERROR - Training step 74 failed: 'numpy.bool_' object is not iterable
2025-06-07 10:21:11,081 - ERROR - Training step 75 failed: 'numpy.bool_' object is not iterable
2025-06-07 10:21:11,256 - ERROR - Training step 76 failed: 'numpy.bool_' object is not iterable
2025-06-07 10:21:11,470 - ERROR - Training step 77 failed: 'numpy.bool_' object is not iterable
2025-06-07 10:21:11,638 - ERROR - Training step 78 failed: 'numpy.bool_' object is not iterable
2025-06-07 10:21:11,845 - ERROR - Training step 79 failed: 'numpy.bool_' object is not iterable
2025-06-07 10:21:12,073 - ERROR - Training step 80 failed: 'numpy.bool_' object is not iterable
2025-06-07 10:21:12,300 - ERROR - Training step 81 failed: 'numpy.bool_' object is not iterable
2025-06-07 10:21:12,555 - ERROR - Training step 82 failed: 'numpy.bool_' object is not iterable
2025-06-07 10:21:12,760 - ERROR - Training step 83 failed: 'numpy.bool_' object is not iterable
2025-06-07 10:21:12,925 - ERROR - Training step 84 failed: 'numpy.bool_' object is not iterable
2025-06-07 10:21:13,142 - ERROR - Training step 85 failed: 'numpy.bool_' object is not iterable
2025-06-07 10:21:13,357 - ERROR - Training step 86 failed: 'numpy.bool_' object is not iterable
2025-06-07 10:21:13,567 - ERROR - Training step 87 failed: 'numpy.bool_' object is not iterable
2025-06-07 10:21:13,796 - ERROR - Training step 88 failed: 'numpy.bool_' object is not iterable
2025-06-07 10:21:13,985 - ERROR - Training step 89 failed: 'numpy.bool_' object is not iterable
2025-06-07 10:21:14,176 - ERROR - Training step 90 failed: 'numpy.bool_' object is not iterable
2025-06-07 10:21:14,378 - ERROR - Training step 91 failed: 'numpy.bool_' object is not iterable
2025-06-07 10:21:14,600 - ERROR - Training step 92 failed: 'numpy.bool_' object is not iterable
2025-06-07 10:21:14,842 - ERROR - Training step 93 failed: 'numpy.bool_' object is not iterable
2025-06-07 10:21:15,050 - ERROR - Training step 94 failed: 'numpy.bool_' object is not iterable
2025-06-07 10:21:15,228 - ERROR - Training step 95 failed: 'numpy.bool_' object is not iterable
2025-06-07 10:21:15,391 - ERROR - Training step 96 failed: 'numpy.bool_' object is not iterable
2025-06-07 10:21:15,673 - ERROR - Training step 97 failed: 'numpy.bool_' object is not iterable
2025-06-07 10:21:15,895 - ERROR - Training step 98 failed: 'numpy.bool_' object is not iterable
2025-06-07 10:21:16,113 - ERROR - Training step 99 failed: 'numpy.bool_' object is not iterable
2025-06-07 10:21:16,306 - ERROR - Training step 100 failed: 'numpy.bool_' object is not iterable
2025-06-07 10:21:16,523 - ERROR - Training step 101 failed: 'numpy.bool_' object is not iterable
2025-06-07 10:21:16,714 - ERROR - Training step 102 failed: 'numpy.bool_' object is not iterable
2025-06-07 10:21:27,531 - INFO - Epoch 2 - Training: 0.000000, Validation: 0.690048, Time: 31.46s
2025-06-07 10:21:27,532 - INFO - Validation loss trend: stable/worsening
2025-06-07 10:21:27,532 - INFO - ✅ Enhanced training loop completed successfully!
2025-06-07 10:21:27,532 - INFO - 🔍 Starting model testing phase...
2025-06-07 10:21:39,531 - INFO - 📊 Detailed test results saved to: /home/mooc_parallel_2021_003/new/set-up-jupyterlab-gcp/docker_jupyterlab/jupyter-data/EQTransformer-Indonesia/EQTransformer/core_ind/../../models/indonesia_model_20250607_102022/test_results/validation_predictions_detailed.csv
2025-06-07 10:21:39,532 - INFO - 📊 Test summary saved to: /home/mooc_parallel_2021_003/new/set-up-jupyterlab-gcp/docker_jupyterlab/jupyter-data/EQTransformer-Indonesia/EQTransformer/core_ind/../../models/indonesia_model_20250607_102022/test_results/test_summary.csv
2025-06-07 10:21:39,532 - INFO - 📊 Total test samples: 384
2025-06-07 10:21:39,533 - INFO - 📊 Training history saved to: /home/mooc_parallel_2021_003/new/set-up-jupyterlab-gcp/docker_jupyterlab/jupyter-data/EQTransformer-Indonesia/EQTransformer/core_ind/../../models/indonesia_model_20250607_102022/training_history.csv
2025-06-07 10:21:40,756 - INFO - 📈 Loss curves plot saved to: /home/mooc_parallel_2021_003/new/set-up-jupyterlab-gcp/docker_jupyterlab/jupyter-data/EQTransformer-Indonesia/EQTransformer/core_ind/../../models/indonesia_model_20250607_102022/loss_curves.png
2025-06-07 10:21:40,757 - INFO - 🎉 All training outputs successfully saved!
